This is pdfTeX, Version 3.1415926-2.3-1.40.12 (MiKTeX 2.9) (preloaded format=pdflatex 2016.2.24)  28 JUN 2016 22:42
entering extended mode
**report.tex
("D:\Sync\Documents\lectures_spring\Big Bio Data\return report\report.tex"
LaTeX2e <2011/06/27>
Babel <v3.8m> and hyphenation patterns for loaded.
(D:\Dev\CTEX\MiKTeX\tex\latex\base\article.cls
Document Class: article 2007/10/19 v1.4h Standard LaTeX document class
(D:\Dev\CTEX\MiKTeX\tex\latex\base\size10.clo
File: size10.clo 2007/10/19 v1.4h Standard LaTeX file (size option)
)
\c@part=\count79
\c@section=\count80
\c@subsection=\count81
\c@subsubsection=\count82
\c@paragraph=\count83
\c@subparagraph=\count84
\c@figure=\count85
\c@table=\count86
\abovecaptionskip=\skip41
\belowcaptionskip=\skip42
\bibindent=\dimen102
)
(D:\Dev\CTEX\MiKTeX\tex\latex\ams\math\amsmath.sty
Package: amsmath 2000/07/18 v2.13 AMS math features
\@mathmargin=\skip43

For additional information on amsmath, use the `?' option.
(D:\Dev\CTEX\MiKTeX\tex\latex\ams\math\amstext.sty
Package: amstext 2000/06/29 v2.01

(D:\Dev\CTEX\MiKTeX\tex\latex\ams\math\amsgen.sty
File: amsgen.sty 1999/11/30 v2.0
\@emptytoks=\toks14
\ex@=\dimen103
))
(D:\Dev\CTEX\MiKTeX\tex\latex\ams\math\amsbsy.sty
Package: amsbsy 1999/11/29 v1.2d
\pmbraise@=\dimen104
)
(D:\Dev\CTEX\MiKTeX\tex\latex\ams\math\amsopn.sty
Package: amsopn 1999/12/14 v2.01 operator names
)
\inf@bad=\count87
LaTeX Info: Redefining \frac on input line 211.
\uproot@=\count88
\leftroot@=\count89
LaTeX Info: Redefining \overline on input line 307.
\classnum@=\count90
\DOTSCASE@=\count91
LaTeX Info: Redefining \ldots on input line 379.
LaTeX Info: Redefining \dots on input line 382.
LaTeX Info: Redefining \cdots on input line 467.
\Mathstrutbox@=\box26
\strutbox@=\box27
\big@size=\dimen105
LaTeX Font Info:    Redeclaring font encoding OML on input line 567.
LaTeX Font Info:    Redeclaring font encoding OMS on input line 568.
\macc@depth=\count92
\c@MaxMatrixCols=\count93
\dotsspace@=\muskip10
\c@parentequation=\count94
\dspbrk@lvl=\count95
\tag@help=\toks15
\row@=\count96
\column@=\count97
\maxfields@=\count98
\andhelp@=\toks16
\eqnshift@=\dimen106
\alignsep@=\dimen107
\tagshift@=\dimen108
\tagwidth@=\dimen109
\totwidth@=\dimen110
\lineht@=\dimen111
\@envbody=\toks17
\multlinegap=\skip44
\multlinetaggap=\skip45
\mathdisplay@stack=\toks18
LaTeX Info: Redefining \[ on input line 2666.
LaTeX Info: Redefining \] on input line 2667.
)
(D:\Dev\CTEX\MiKTeX\tex\latex\amsfonts\amsfonts.sty
Package: amsfonts 2009/06/22 v3.00 Basic AMSFonts support
\symAMSa=\mathgroup4
\symAMSb=\mathgroup5
LaTeX Font Info:    Overwriting math alphabet `\mathfrak' in version `bold'
(Font)                  U/euf/m/n --> U/euf/b/n on input line 96.
)
(D:\Dev\CTEX\MiKTeX\tex\latex\amsfonts\amssymb.sty
Package: amssymb 2009/06/22 v3.00
)
(D:\Dev\CTEX\MiKTeX\tex\latex\listings\listings.sty
(D:\Dev\CTEX\MiKTeX\tex\latex\graphics\keyval.sty
Package: keyval 1999/03/16 v1.13 key=value parser (DPC)
\KV@toks@=\toks19
)
\lst@mode=\count99
\lst@gtempboxa=\box28
\lst@token=\toks20
\lst@length=\count100
\lst@currlwidth=\dimen112
\lst@column=\count101
\lst@pos=\count102
\lst@lostspace=\dimen113
\lst@width=\dimen114
\lst@newlines=\count103
\lst@lineno=\count104
\lst@maxwidth=\dimen115

(D:\Dev\CTEX\MiKTeX\tex\latex\listings\lstmisc.sty
File: lstmisc.sty 2007/02/22 1.4 (Carsten Heinz)
\c@lstnumber=\count105
\lst@skipnumbers=\count106
\lst@framebox=\box29
)
(D:\Dev\CTEX\MiKTeX\tex\latex\listings\listings.cfg
File: listings.cfg 2007/02/22 1.4 listings configuration
))
Package: listings 2007/02/22 1.4 (Carsten Heinz)

(D:\Dev\CTEX\MiKTeX\tex\latex\graphics\graphicx.sty
Package: graphicx 1999/02/16 v1.0f Enhanced LaTeX Graphics (DPC,SPQR)

(D:\Dev\CTEX\MiKTeX\tex\latex\graphics\graphics.sty
Package: graphics 2009/02/05 v1.0o Standard LaTeX Graphics (DPC,SPQR)

(D:\Dev\CTEX\MiKTeX\tex\latex\graphics\trig.sty
Package: trig 1999/03/16 v1.09 sin cos tan (DPC)
)
(D:\Dev\CTEX\MiKTeX\tex\latex\00miktex\graphics.cfg
File: graphics.cfg 2007/01/18 v1.5 graphics configuration of teTeX/TeXLive
)
Package graphics Info: Driver file: pdftex.def on input line 91.

(D:\Dev\CTEX\MiKTeX\tex\latex\pdftex-def\pdftex.def
File: pdftex.def 2011/05/27 v0.06d Graphics/color for pdfTeX

(D:\Dev\CTEX\MiKTeX\tex\generic\oberdiek\infwarerr.sty
Package: infwarerr 2010/04/08 v1.3 Providing info/warning/message (HO)
)
(D:\Dev\CTEX\MiKTeX\tex\generic\oberdiek\ltxcmds.sty
Package: ltxcmds 2011/04/18 v1.20 LaTeX kernel commands for general use (HO)
)
\Gread@gobject=\count107
))
\Gin@req@height=\dimen116
\Gin@req@width=\dimen117
)
(D:\Dev\CTEX\MiKTeX\tex\latex\preprint\authblk.sty
Package: authblk 2009/11/18 1.3 (PWD)
\affilsep=\skip46
\@affilsep=\skip47
\c@Maxaffil=\count108
\c@authors=\count109
\c@affil=\count110
)
(D:\Dev\CTEX\MiKTeX\tex\latex\geometry\geometry.sty
Package: geometry 2010/09/12 v5.6 Page Geometry

(D:\Dev\CTEX\MiKTeX\tex\generic\oberdiek\ifpdf.sty
Package: ifpdf 2011/01/30 v2.3 Provides the ifpdf switch (HO)
Package ifpdf Info: pdfTeX in PDF mode is detected.
)
(D:\Dev\CTEX\MiKTeX\tex\generic\oberdiek\ifvtex.sty
Package: ifvtex 2010/03/01 v1.5 Switches for detecting VTeX and its modes (HO)
Package ifvtex Info: VTeX not detected.
)
(D:\Dev\CTEX\MiKTeX\tex\generic\ifxetex\ifxetex.sty
Package: ifxetex 2010/09/12 v0.6 Provides ifxetex conditional
)
\Gm@cnth=\count111
\Gm@cntv=\count112
\c@Gm@tempcnt=\count113
\Gm@bindingoffset=\dimen118
\Gm@wd@mp=\dimen119
\Gm@odd@mp=\dimen120
\Gm@even@mp=\dimen121
\Gm@layoutwidth=\dimen122
\Gm@layoutheight=\dimen123
\Gm@layouthoffset=\dimen124
\Gm@layoutvoffset=\dimen125
\Gm@dimlist=\toks21

(D:\Dev\CTEX\MiKTeX\tex\latex\geometry\geometry.cfg))
("D:\Sync\Documents\lectures_spring\Big Bio Data\return report\report.aux")
LaTeX Font Info:    Checking defaults for OML/cmm/m/it on input line 22.
LaTeX Font Info:    ... okay on input line 22.
LaTeX Font Info:    Checking defaults for T1/cmr/m/n on input line 22.
LaTeX Font Info:    ... okay on input line 22.
LaTeX Font Info:    Checking defaults for OT1/cmr/m/n on input line 22.
LaTeX Font Info:    ... okay on input line 22.
LaTeX Font Info:    Checking defaults for OMS/cmsy/m/n on input line 22.
LaTeX Font Info:    ... okay on input line 22.
LaTeX Font Info:    Checking defaults for OMX/cmex/m/n on input line 22.
LaTeX Font Info:    ... okay on input line 22.
LaTeX Font Info:    Checking defaults for U/cmr/m/n on input line 22.
LaTeX Font Info:    ... okay on input line 22.
\c@lstlisting=\count114

(D:\Dev\CTEX\MiKTeX\tex\context\base\supp-pdf.mkii
[Loading MPS to PDF converter (version 2006.09.02).]
\scratchcounter=\count115
\scratchdimen=\dimen126
\scratchbox=\box30
\nofMPsegments=\count116
\nofMParguments=\count117
\everyMPshowfont=\toks22
\MPscratchCnt=\count118
\MPscratchDim=\dimen127
\MPnumerator=\count119
\makeMPintoPDFobject=\count120
\everyMPtoPDFconversion=\toks23
)
*geometry* driver: auto-detecting
*geometry* detected driver: pdftex
*geometry* verbose mode - [ preamble ] result:
* driver: pdftex
* paper: <default>
* layout: <same size as paper>
* layoutoffset:(h,v)=(0.0pt,0.0pt)
* modes: 
* h-part:(L,W,R)=(56.9055pt, 500.484pt, 56.9055pt)
* v-part:(T,H,B)=(56.9055pt, 681.15898pt, 56.9055pt)
* \paperwidth=614.295pt
* \paperheight=794.96999pt
* \textwidth=500.484pt
* \textheight=681.15898pt
* \oddsidemargin=-15.36449pt
* \evensidemargin=-15.36449pt
* \topmargin=-52.36449pt
* \headheight=12.0pt
* \headsep=25.0pt
* \topskip=10.0pt
* \footskip=30.0pt
* \marginparwidth=65.0pt
* \marginparsep=11.0pt
* \columnsep=10.0pt
* \skip\footins=9.0pt plus 4.0pt minus 2.0pt
* \hoffset=0.0pt
* \voffset=0.0pt
* \mag=1000
* \@twocolumnfalse
* \@twosidefalse
* \@mparswitchfalse
* \@reversemarginfalse
* (1in=72.27pt=25.4mm, 1cm=28.453pt)

LaTeX Font Info:    Try loading font information for U+msa on input line 23.
(D:\Dev\CTEX\MiKTeX\tex\latex\amsfonts\umsa.fd
File: umsa.fd 2009/06/22 v3.00 AMS symbols A
)
LaTeX Font Info:    Try loading font information for U+msb on input line 23.

(D:\Dev\CTEX\MiKTeX\tex\latex\amsfonts\umsb.fd
File: umsb.fd 2009/06/22 v3.00 AMS symbols B
) [1

{D:/Dev/CTEX/UserData/pdftex/config/pdftex.map{Unicode.sfd}{UGBK.sfd}}]
Missing character: There is no â in font cmr7!
Missing character: There is no ˆ in font cmr7!
Missing character: There is no ’ in font cmr7!
Missing character: There is no â in font cmr7!
Missing character: There is no ˆ in font cmr7!
Missing character: There is no ’ in font cmr7!
 [2]
Underfull \hbox (badness 10000) in paragraph at lines 136--138

 []

[3]
Underfull \hbox (badness 10000) in paragraph at lines 142--144

 []


Underfull \hbox (badness 10000) in paragraph at lines 175--176

 []

[4] <Table1.png, id=33, 710.655pt x 405.01312pt>
File: Table1.png Graphic file (type png)
 <use Table1.png>
Package pdftex.def Info: Table1.png used on input line 186.
(pdftex.def)             Requested size: 500.484pt x 285.24382pt.

<./Figure1.png, id=34, 319.94531pt x 277.035pt>
File: ./Figure1.png Graphic file (type png)
 <use ./Figure1.png>
Package pdftex.def Info: ./Figure1.png used on input line 194.
(pdftex.def)             Requested size: 223.96017pt x 193.92317pt.


LaTeX Warning: No positions in optional float specifier.
               Default added (so using `tbp') on input line 200.

<./Figure2.png, id=35, 584.93532pt x 417.05812pt>
File: ./Figure2.png Graphic file (type png)
 <use ./Figure2.png>
Package pdftex.def Info: ./Figure2.png used on input line 202.
(pdftex.def)             Requested size: 409.45192pt x 291.93869pt.
 [5 <D:/Sync/Documents/lectures_spring/Big Bio Data/return report/Table1.png>]
<./Figure3.png, id=40, 767.86874pt x 390.70969pt>
File: ./Figure3.png Graphic file (type png)
 <use ./Figure3.png>
Package pdftex.def Info: ./Figure3.png used on input line 210.
(pdftex.def)             Requested size: 500.484pt x 254.66176pt.

<./Figure4.png, id=41, 914.66719pt x 456.95718pt>
File: ./Figure4.png Graphic file (type png)
 <use ./Figure4.png>
Package pdftex.def Info: ./Figure4.png used on input line 220.
(pdftex.def)             Requested size: 500.484pt x 250.0373pt.
 [6]
[7 <D:/Sync/Documents/lectures_spring/Big Bio Data/return report/Figure1.png> <
D:/Sync/Documents/lectures_spring/Big Bio Data/return report/Figure2.png>]
[8 <D:/Sync/Documents/lectures_spring/Big Bio Data/return report/Figure3.png> <
D:/Sync/Documents/lectures_spring/Big Bio Data/return report/Figure4.png>]
("D:\Sync\Documents\lectures_spring\Big Bio Data\return report\report.aux") ) 
Here is how much of TeX's memory you used:
 3812 strings out of 495354
 50382 string characters out of 3183635
 120500 words of memory out of 3000000
 6940 multiletter control sequences out of 15000+200000
 14555 words of font info for 55 fonts, out of 3000000 for 9000
 14 hyphenation exceptions out of 8191
 32i,20n,32p,951b,296s stack positions out of 5000i,500n,10000p,200000b,50000s
<D
:/Dev/CTEX/MiKTeX/fonts/type1/public/amsfonts/cm/cmbx10.pfb><D:/Dev/CTEX/MiKTeX
/fonts/type1/public/amsfonts/cm/cmbx12.pfb><D:/Dev/CTEX/MiKTeX/fonts/type1/publ
ic/amsfonts/cm/cmbx7.pfb><D:/Dev/CTEX/MiKTeX/fonts/type1/public/amsfonts/cm/cme
x10.pfb><D:/Dev/CTEX/MiKTeX/fonts/type1/public/amsfonts/cmextra/cmex7.pfb><D:/D
ev/CTEX/MiKTeX/fonts/type1/public/amsfonts/cm/cmmi10.pfb><D:/Dev/CTEX/MiKTeX/fo
nts/type1/public/amsfonts/cm/cmmi12.pfb><D:/Dev/CTEX/MiKTeX/fonts/type1/public/
amsfonts/cm/cmmi5.pfb><D:/Dev/CTEX/MiKTeX/fonts/type1/public/amsfonts/cm/cmmi7.
pfb><D:/Dev/CTEX/MiKTeX/fonts/type1/public/amsfonts/cm/cmr10.pfb><D:/Dev/CTEX/M
iKTeX/fonts/type1/public/amsfonts/cm/cmr12.pfb><D:/Dev/CTEX/MiKTeX/fonts/type1/
public/amsfonts/cm/cmr17.pfb><D:/Dev/CTEX/MiKTeX/fonts/type1/public/amsfonts/cm
/cmr5.pfb><D:/Dev/CTEX/MiKTeX/fonts/type1/public/amsfonts/cm/cmr7.pfb><D:/Dev/C
TEX/MiKTeX/fonts/type1/public/amsfonts/cm/cmr8.pfb><D:/Dev/CTEX/MiKTeX/fonts/ty
pe1/public/amsfonts/cm/cmss8.pfb><D:/Dev/CTEX/MiKTeX/fonts/type1/public/amsfont
s/cm/cmsy10.pfb><D:/Dev/CTEX/MiKTeX/fonts/type1/public/amsfonts/cm/cmsy6.pfb><D
:/Dev/CTEX/MiKTeX/fonts/type1/public/amsfonts/cm/cmsy7.pfb><D:/Dev/CTEX/MiKTeX/
fonts/type1/public/amsfonts/cm/cmsy8.pfb>
Output written on report.pdf (8 pages, 457229 bytes).
PDF statistics:
 114 PDF objects out of 1000 (max. 8388607)
 0 named destinations out of 1000 (max. 500000)
 26 words of extra memory for PDF output out of 10000 (max. 10000000)

